<?xml version="1.0" encoding="UTF-8"?>
<!-- Generated by org.testng.reporters.JUnitReportReporter -->
<testsuite hostname="ZA-NB054" failures="0" tests="1" name="siduduzo.voss.tests.LoginPageTest" time="19.437" errors="0" timestamp="2021-10-13T09:02:39 SAST" skipped="0">
  <testcase classname="siduduzo.voss.tests.LoginPageTest" name="testLogin" time="19.437"/>
  <system-out/>
</testsuite> <!-- siduduzo.voss.tests.LoginPageTest -->
