<?xml version="1.0" encoding="UTF-8"?>
<!-- Generated by org.testng.reporters.JUnitReportReporter -->
<testsuite hostname="ZA-NB054" failures="0" tests="1" name="siduduzo.voss.tests.FillOutFormPageTest" time="8.074" errors="0" timestamp="2021-10-13T19:27:37 SAST" skipped="0">
  <testcase classname="siduduzo.voss.tests.FillOutFormPageTest" name="fillOutForms" time="8.074"/>
  <system-out/>
</testsuite> <!-- siduduzo.voss.tests.FillOutFormPageTest -->
